<?xml version="1.0" encoding="UTF-8"?>
<testsuite xmlns:xsi="http://www.w3.org/2001/XMLSchema-instance" xsi:noNamespaceSchemaLocation="https://maven.apache.org/surefire/maven-surefire-plugin/xsd/surefire-test-report-3.0.xsd" version="3.0" name="service.CurrencyServiceTest" time="0.088" tests="4" errors="0" skipped="0" failures="0">
  <properties>
[...]
</properties>
  <testcase name="shouldRejectUnsupportedCurrency" classname="service.CurrencyServiceTest" time="0.04"/>
  <testcase name="shouldRejectNegativeAmount" classname="service.CurrencyServiceTest" time="0.001"/>
  <testcase name="shouldConvertUsdToInr" classname="service.CurrencyServiceTest" time="0.002"/>
  <testcase name="shouldRejectEmptyAmount" classname="service.CurrencyServiceTest" time="0.001"/>
</testsuite>